/home/jf4241/ecmwf/tpt_ecmwf/tpt_general.py:412: RuntimeWarning: invalid value encountered in sqrt
  cond = np.sqrt(cond)
/home/jf4241/ecmwf/tpt_ecmwf/tpt_general.py:412: RuntimeWarning: invalid value encountered in sqrt
  cond = np.sqrt(cond)
/home/jf4241/ecmwf/tpt_ecmwf/tpt_general.py:412: RuntimeWarning: invalid value encountered in sqrt
  cond = np.sqrt(cond)
/home/jf4241/ecmwf/tpt_ecmwf/tpt_general.py:412: RuntimeWarning: invalid value encountered in sqrt
  cond = np.sqrt(cond)
/home/jf4241/ecmwf/tpt_ecmwf/tpt_general.py:412: RuntimeWarning: invalid value encountered in sqrt
  cond = np.sqrt(cond)
/home/jf4241/ecmwf/tpt_ecmwf/tpt_general.py:412: RuntimeWarning: invalid value encountered in sqrt
  cond = np.sqrt(cond)
/home/jf4241/ecmwf/tpt_ecmwf/tpt_general.py:412: RuntimeWarning: invalid value encountered in sqrt
  cond = np.sqrt(cond)
/home/jf4241/ecmwf/tpt_ecmwf/tpt_general.py:412: RuntimeWarning: invalid value encountered in sqrt
  cond = np.sqrt(cond)
/home/jf4241/ecmwf/tpt_ecmwf/tpt_general.py:412: RuntimeWarning: invalid value encountered in sqrt
  cond = np.sqrt(cond)
/home/jf4241/ecmwf/tpt_ecmwf/tpt_general.py:412: RuntimeWarning: invalid value encountered in sqrt
  cond = np.sqrt(cond)
/home/jf4241/ecmwf/tpt_ecmwf/tpt_general.py:412: RuntimeWarning: invalid value encountered in sqrt
  cond = np.sqrt(cond)
/home/jf4241/ecmwf/tpt_ecmwf/tpt_general.py:412: RuntimeWarning: invalid value encountered in sqrt
  cond = np.sqrt(cond)
/home/jf4241/ecmwf/tpt_ecmwf/tpt_general.py:412: RuntimeWarning: invalid value encountered in sqrt
  cond = np.sqrt(cond)
/home/jf4241/ecmwf/tpt_ecmwf/tpt_general.py:412: RuntimeWarning: invalid value encountered in sqrt
  cond = np.sqrt(cond)
/home/jf4241/ecmwf/tpt_ecmwf/tpt_general.py:412: RuntimeWarning: invalid value encountered in sqrt
  cond = np.sqrt(cond)
/home/jf4241/ecmwf/tpt_ecmwf/tpt_general.py:412: RuntimeWarning: invalid value encountered in sqrt
  cond = np.sqrt(cond)
/home/jf4241/ecmwf/tpt_ecmwf/tpt_general.py:412: RuntimeWarning: invalid value encountered in sqrt
  cond = np.sqrt(cond)
/home/jf4241/ecmwf/tpt_ecmwf/tpt_general.py:412: RuntimeWarning: invalid value encountered in sqrt
  cond = np.sqrt(cond)
/home/jf4241/ecmwf/tpt_ecmwf/tpt_general.py:412: RuntimeWarning: invalid value encountered in sqrt
  cond = np.sqrt(cond)
/home/jf4241/ecmwf/tpt_ecmwf/tpt_general.py:412: RuntimeWarning: invalid value encountered in sqrt
  cond = np.sqrt(cond)
/home/jf4241/ecmwf/tpt_ecmwf/tpt_general.py:412: RuntimeWarning: invalid value encountered in sqrt
  cond = np.sqrt(cond)
/home/jf4241/ecmwf/tpt_ecmwf/tpt_general.py:412: RuntimeWarning: invalid value encountered in sqrt
  cond = np.sqrt(cond)
/home/jf4241/ecmwf/tpt_ecmwf/tpt_general.py:412: RuntimeWarning: invalid value encountered in sqrt
  cond = np.sqrt(cond)
/home/jf4241/ecmwf/tpt_ecmwf/tpt_general.py:412: RuntimeWarning: invalid value encountered in sqrt
  cond = np.sqrt(cond)
/home/jf4241/ecmwf/tpt_ecmwf/tpt_general.py:412: RuntimeWarning: invalid value encountered in sqrt
  cond = np.sqrt(cond)
/home/jf4241/ecmwf/tpt_ecmwf/tpt_general.py:412: RuntimeWarning: invalid value encountered in sqrt
  cond = np.sqrt(cond)
/home/jf4241/ecmwf/tpt_ecmwf/tpt_general.py:412: RuntimeWarning: invalid value encountered in sqrt
  cond = np.sqrt(cond)
/home/jf4241/ecmwf/tpt_ecmwf/tpt_general.py:412: RuntimeWarning: invalid value encountered in sqrt
  cond = np.sqrt(cond)
/home/jf4241/ecmwf/tpt_ecmwf/tpt_general.py:412: RuntimeWarning: invalid value encountered in sqrt
  cond = np.sqrt(cond)
/home/jf4241/ecmwf/tpt_ecmwf/tpt_general.py:412: RuntimeWarning: invalid value encountered in sqrt
  cond = np.sqrt(cond)
/home/jf4241/ecmwf/tpt_ecmwf/tpt_general.py:412: RuntimeWarning: invalid value encountered in sqrt
  cond = np.sqrt(cond)
/home/jf4241/ecmwf/tpt_ecmwf/tpt_general.py:412: RuntimeWarning: invalid value encountered in sqrt
  cond = np.sqrt(cond)
/home/jf4241/ecmwf/tpt_ecmwf/tpt_general.py:412: RuntimeWarning: invalid value encountered in sqrt
  cond = np.sqrt(cond)
/home/jf4241/ecmwf/tpt_ecmwf/tpt_general.py:412: RuntimeWarning: invalid value encountered in sqrt
  cond = np.sqrt(cond)
/home/jf4241/ecmwf/tpt_ecmwf/tpt_general.py:412: RuntimeWarning: invalid value encountered in sqrt
  cond = np.sqrt(cond)
/home/jf4241/ecmwf/tpt_ecmwf/tpt_general.py:412: RuntimeWarning: invalid value encountered in sqrt
  cond = np.sqrt(cond)
/home/jf4241/ecmwf/tpt_ecmwf/tpt_general.py:412: RuntimeWarning: invalid value encountered in sqrt
  cond = np.sqrt(cond)
/home/jf4241/ecmwf/tpt_ecmwf/tpt_general.py:412: RuntimeWarning: invalid value encountered in sqrt
  cond = np.sqrt(cond)
/home/jf4241/ecmwf/tpt_ecmwf/tpt_general.py:412: RuntimeWarning: invalid value encountered in sqrt
  cond = np.sqrt(cond)
/home/jf4241/ecmwf/tpt_ecmwf/tpt_general.py:412: RuntimeWarning: invalid value encountered in sqrt
  cond = np.sqrt(cond)
/home/jf4241/ecmwf/tpt_ecmwf/tpt_general.py:412: RuntimeWarning: invalid value encountered in sqrt
  cond = np.sqrt(cond)
/home/jf4241/ecmwf/tpt_ecmwf/tpt_general.py:412: RuntimeWarning: invalid value encountered in sqrt
  cond = np.sqrt(cond)
/home/jf4241/ecmwf/tpt_ecmwf/tpt_general.py:412: RuntimeWarning: invalid value encountered in sqrt
  cond = np.sqrt(cond)
/home/jf4241/ecmwf/tpt_ecmwf/tpt_general.py:412: RuntimeWarning: invalid value encountered in sqrt
  cond = np.sqrt(cond)
/home/jf4241/ecmwf/tpt_ecmwf/tpt_general.py:412: RuntimeWarning: invalid value encountered in sqrt
  cond = np.sqrt(cond)
/home/jf4241/ecmwf/tpt_ecmwf/tpt_general.py:412: RuntimeWarning: invalid value encountered in sqrt
  cond = np.sqrt(cond)
/home/jf4241/ecmwf/tpt_ecmwf/tpt_general.py:412: RuntimeWarning: invalid value encountered in sqrt
  cond = np.sqrt(cond)
/home/jf4241/ecmwf/tpt_ecmwf/tpt_general.py:412: RuntimeWarning: invalid value encountered in sqrt
  cond = np.sqrt(cond)
/home/jf4241/ecmwf/tpt_ecmwf/tpt_general.py:412: RuntimeWarning: invalid value encountered in sqrt
  cond = np.sqrt(cond)
/home/jf4241/ecmwf/tpt_ecmwf/tpt_general.py:412: RuntimeWarning: invalid value encountered in sqrt
  cond = np.sqrt(cond)
/home/jf4241/ecmwf/tpt_ecmwf/tpt_general.py:412: RuntimeWarning: invalid value encountered in sqrt
  cond = np.sqrt(cond)
/home/jf4241/ecmwf/tpt_ecmwf/tpt_general.py:412: RuntimeWarning: invalid value encountered in sqrt
  cond = np.sqrt(cond)
/home/jf4241/ecmwf/tpt_ecmwf/tpt_general.py:412: RuntimeWarning: invalid value encountered in sqrt
  cond = np.sqrt(cond)
/home/jf4241/ecmwf/tpt_ecmwf/tpt_general.py:412: RuntimeWarning: invalid value encountered in sqrt
  cond = np.sqrt(cond)
/home/jf4241/ecmwf/tpt_ecmwf/tpt_general.py:412: RuntimeWarning: invalid value encountered in sqrt
  cond = np.sqrt(cond)
/home/jf4241/ecmwf/tpt_ecmwf/tpt_general.py:412: RuntimeWarning: invalid value encountered in sqrt
  cond = np.sqrt(cond)
/home/jf4241/ecmwf/tpt_ecmwf/tpt_general.py:412: RuntimeWarning: invalid value encountered in sqrt
  cond = np.sqrt(cond)
/home/jf4241/ecmwf/tpt_ecmwf/tpt_general.py:412: RuntimeWarning: invalid value encountered in sqrt
  cond = np.sqrt(cond)
/home/jf4241/ecmwf/tpt_ecmwf/tpt_general.py:412: RuntimeWarning: invalid value encountered in sqrt
  cond = np.sqrt(cond)
/home/jf4241/ecmwf/tpt_ecmwf/tpt_general.py:412: RuntimeWarning: invalid value encountered in sqrt
  cond = np.sqrt(cond)
/home/jf4241/ecmwf/tpt_ecmwf/tpt_general.py:412: RuntimeWarning: invalid value encountered in sqrt
  cond = np.sqrt(cond)
/home/jf4241/ecmwf/tpt_ecmwf/tpt_general.py:412: RuntimeWarning: invalid value encountered in sqrt
  cond = np.sqrt(cond)
/home/jf4241/ecmwf/tpt_ecmwf/tpt_general.py:412: RuntimeWarning: invalid value encountered in sqrt
  cond = np.sqrt(cond)
Traceback (most recent call last):
  File "/home/jf4241/ecmwf/tpt_ecmwf/driver2.py", line 376, in <module>
    summary = pickle.load(open(join(savedir,"summary"),"rb"))
FileNotFoundError: [Errno 2] No such file or directory: '/scratch/jf4241/ecmwf_data/results/2022-02-27/0/ei/delay25_nwaves0_vxm0_pc-_hf-_temp-/resampled_0/tth31-151_uthb5_utha100_buff0/summary'
/home/jf4241/ecmwf/tpt_ecmwf/tpt_general.py:412: RuntimeWarning: invalid value encountered in sqrt
  cond = np.sqrt(cond)
/home/jf4241/ecmwf/tpt_ecmwf/tpt_general.py:412: RuntimeWarning: invalid value encountered in sqrt
  cond = np.sqrt(cond)
/home/jf4241/ecmwf/tpt_ecmwf/tpt_general.py:412: RuntimeWarning: invalid value encountered in sqrt
  cond = np.sqrt(cond)
Traceback (most recent call last):
  File "/home/jf4241/ecmwf/tpt_ecmwf/driver2.py", line 376, in <module>
    summary = pickle.load(open(join(savedir,"summary"),"rb"))
FileNotFoundError: [Errno 2] No such file or directory: '/scratch/jf4241/ecmwf_data/results/2022-02-27/0/ei/delay20_nwaves0_vxm0_pc-_hf-_temp-/resampled_0/tth31-151_uthb5_utha100_buff0/summary'
/home/jf4241/ecmwf/tpt_ecmwf/tpt_general.py:412: RuntimeWarning: invalid value encountered in sqrt
  cond = np.sqrt(cond)
/home/jf4241/ecmwf/tpt_ecmwf/tpt_general.py:412: RuntimeWarning: invalid value encountered in sqrt
  cond = np.sqrt(cond)
Traceback (most recent call last):
  File "/home/jf4241/ecmwf/tpt_ecmwf/driver2.py", line 376, in <module>
    summary = pickle.load(open(join(savedir,"summary"),"rb"))
FileNotFoundError: [Errno 2] No such file or directory: '/scratch/jf4241/ecmwf_data/results/2022-02-27/0/ei/delay15_nwaves0_vxm0_pc-_hf-_temp-/resampled_0/tth31-151_uthb5_utha100_buff0/summary'
/home/jf4241/ecmwf/tpt_ecmwf/tpt_general.py:412: RuntimeWarning: invalid value encountered in sqrt
  cond = np.sqrt(cond)
/home/jf4241/ecmwf/tpt_ecmwf/tpt_general.py:412: RuntimeWarning: invalid value encountered in sqrt
  cond = np.sqrt(cond)
Traceback (most recent call last):
  File "/home/jf4241/ecmwf/tpt_ecmwf/driver2.py", line 376, in <module>
    summary = pickle.load(open(join(savedir,"summary"),"rb"))
FileNotFoundError: [Errno 2] No such file or directory: '/scratch/jf4241/ecmwf_data/results/2022-02-27/0/ei/delay10_nwaves0_vxm0_pc-_hf-_temp-/resampled_0/tth31-151_uthb5_utha100_buff0/summary'
/home/jf4241/ecmwf/tpt_ecmwf/tpt_general.py:412: RuntimeWarning: invalid value encountered in sqrt
  cond = np.sqrt(cond)
Traceback (most recent call last):
  File "/home/jf4241/ecmwf/tpt_ecmwf/driver2.py", line 376, in <module>
    summary = pickle.load(open(join(savedir,"summary"),"rb"))
FileNotFoundError: [Errno 2] No such file or directory: '/scratch/jf4241/ecmwf_data/results/2022-02-27/0/ei/delay5_nwaves0_vxm0_pc-_hf-_temp-/resampled_0/tth31-151_uthb5_utha100_buff0/summary'
/home/jf4241/ecmwf/tpt_ecmwf/tpt_general.py:412: RuntimeWarning: invalid value encountered in sqrt
  cond = np.sqrt(cond)
Traceback (most recent call last):
  File "/home/jf4241/ecmwf/tpt_ecmwf/driver2.py", line 376, in <module>
    summary = pickle.load(open(join(savedir,"summary"),"rb"))
FileNotFoundError: [Errno 2] No such file or directory: '/scratch/jf4241/ecmwf_data/results/2022-02-27/0/ei/delay0_nwaves0_vxm0_pc-_hf-_temp-/resampled_0/tth31-151_uthb5_utha100_buff0/summary'
